<?xml version="1.0" encoding="UTF-8"?>
<!-- Generated by org.testng.reporters.JUnitReportReporter -->
<testsuite hostname="DESKTOP-IGEDSSU" failures="0" tests="1" name="rokomari.com.TanvirTain.MyFirsttest" time="57.518" errors="0" timestamp="2022-10-12T09:30:51 BDT" skipped="0">
  <testcase classname="rokomari.com.TanvirTain.MyFirsttest" name="myfirstTest" time="57.518"/>
  <system-out/>
</testsuite> <!-- rokomari.com.TanvirTain.MyFirsttest -->
