<?xml version="1.0" encoding="UTF-8"?>
<!-- Generated by org.testng.reporters.JUnitReportReporter -->
<testsuite hostname="DESKTOP-IGEDSSU" failures="0" tests="1" name="locator.rahulshettyacademadvancedxpath" time="20.495" errors="0" timestamp="2022-10-15T17:09:24 BDT" skipped="0">
  <testcase classname="locator.rahulshettyacademadvancedxpath" name="myfirstTest" time="20.495"/>
  <system-out/>
</testsuite> <!-- locator.rahulshettyacademadvancedxpath -->
